<?xml version="1.0" encoding="UTF-8"?>
<!-- Generated by org.testng.reporters.JUnitXMLReporter -->
<testsuite ignored="2" hostname="LAPTOP-IKEOPR74" failures="0" tests="1" name="Default test" time="7.568" errors="0" timestamp="2022-05-09T08:43:28 IST">
  <testcase classname="tests.Test_NewUserRegistrationSignUp" name="test_NameFieldBlank" time="3.898"/>
  <testcase classname="tests.Test_NewUserRegistrationSignUp" name="test_addressLine1FieldBlank" time="0.0">
    <ignored/>
  </testcase> <!-- test_addressLine1FieldBlank -->
  <testcase classname="tests.Test_NewUserRegistrationSignUp" name="test_CityBlank" time="0.0">
    <ignored/>
  </testcase> <!-- test_CityBlank -->
</testsuite> <!-- Default test -->
