<?xml version="1.0" encoding="UTF-8"?>
<!-- Generated by org.testng.reporters.JUnitXMLReporter -->
<testsuite ignored="0" hostname="LAPTOP-IKEOPR74" failures="0" tests="3" name="NewUserRegistrationSignUp-Chrome" time="25.166" errors="0" timestamp="2022-05-09T23:54:56 IST">
  <testcase classname="tests.Test_NewUserRegistrationSignUp" name="test_NameFieldBlank" time="4.135"/>
  <testcase classname="tests.Test_NewUserRegistrationSignUp" name="test_addressLine1FieldBlank" time="4.278"/>
  <testcase classname="tests.Test_NewUserRegistrationSignUp" name="test_CityBlank" time="4.477"/>
</testsuite> <!-- NewUserRegistrationSignUp-Chrome -->
