<?xml version="1.0" encoding="UTF-8"?>
<!-- Generated by org.testng.reporters.JUnitXMLReporter -->
<testsuite ignored="0" hostname="LAPTOP-IKEOPR74" failures="0" tests="3" name="NewUserRegistrationSignUp" time="14.294" errors="0" timestamp="2022-05-08T23:57:21 IST">
  <testcase classname="tests.Test_NewUserRegistrationSignUp" name="test_NameFieldBlank" time="2.263"/>
  <testcase classname="tests.Test_NewUserRegistrationSignUp" name="test_addressLine1FieldBlank" time="2.138"/>
  <testcase classname="tests.Test_NewUserRegistrationSignUp" name="test_CityBlank" time="2.141"/>
</testsuite> <!-- NewUserRegistrationSignUp -->
