<?xml version="1.0" encoding="UTF-8"?>
<!-- Generated by org.testng.reporters.JUnitXMLReporter -->
<testsuite ignored="0" hostname="LAPTOP-IKEOPR74" failures="0" tests="3" name="NewUserRegistrationSignUp-Firefox" time="26.261" errors="0" timestamp="2022-05-09T23:55:23 IST">
  <testcase classname="tests.Test_NewUserRegistrationSignUp" name="test_NameFieldBlank" time="4.519"/>
  <testcase classname="tests.Test_NewUserRegistrationSignUp" name="test_addressLine1FieldBlank" time="3.799"/>
  <testcase classname="tests.Test_NewUserRegistrationSignUp" name="test_CityBlank" time="4.072"/>
</testsuite> <!-- NewUserRegistrationSignUp-Firefox -->
