<?xml version="1.0" encoding="UTF-8"?>
<testng-results ignored="0" total="6" passed="6" failed="0" skipped="0">
  <reporter-output>
  </reporter-output>
  <suite started-at="2022-05-09T23:54:31 IST" name="Suite" finished-at="2022-05-09T23:55:23 IST" duration-ms="51840">
    <groups>
    </groups>
    <test started-at="2022-05-09T23:54:31 IST" name="NewUserRegistrationSignUp-Chrome" finished-at="2022-05-09T23:54:56 IST" duration-ms="25166">
      <class name="tests.Test_NewUserRegistrationSignUp">
        <test-method is-config="true" signature="beforeMethod(java.lang.String)[pri:0, instance:tests.Test_NewUserRegistrationSignUp@6b81ce95]" started-at="2022-05-09T23:54:32 IST" name="beforeMethod" finished-at="2022-05-09T23:54:37 IST" duration-ms="5586" status="PASS">
          <params>
            <param index="0">
              <value>
                <![CDATA[chrome]]>
              </value>
            </param>
          </params>
          <reporter-output>
          </reporter-output>
        </test-method> <!-- beforeMethod -->
        <test-method signature="test_NameFieldBlank()[pri:1, instance:tests.Test_NewUserRegistrationSignUp@6b81ce95]" started-at="2022-05-09T23:54:37 IST" name="test_NameFieldBlank" finished-at="2022-05-09T23:54:41 IST" duration-ms="4135" status="PASS">
          <reporter-output>
          </reporter-output>
        </test-method> <!-- test_NameFieldBlank -->
        <test-method is-config="true" signature="afterMethod()[pri:0, instance:tests.Test_NewUserRegistrationSignUp@6b81ce95]" started-at="2022-05-09T23:54:41 IST" name="afterMethod" finished-at="2022-05-09T23:54:42 IST" duration-ms="728" status="PASS">
          <reporter-output>
          </reporter-output>
        </test-method> <!-- afterMethod -->
        <test-method is-config="true" signature="beforeMethod(java.lang.String)[pri:0, instance:tests.Test_NewUserRegistrationSignUp@6b81ce95]" started-at="2022-05-09T23:54:42 IST" name="beforeMethod" finished-at="2022-05-09T23:54:44 IST" duration-ms="2125" status="PASS">
          <params>
            <param index="0">
              <value>
                <![CDATA[chrome]]>
              </value>
            </param>
          </params>
          <reporter-output>
          </reporter-output>
        </test-method> <!-- beforeMethod -->
        <test-method signature="test_addressLine1FieldBlank()[pri:2, instance:tests.Test_NewUserRegistrationSignUp@6b81ce95]" started-at="2022-05-09T23:54:44 IST" name="test_addressLine1FieldBlank" finished-at="2022-05-09T23:54:49 IST" duration-ms="4278" status="PASS">
          <reporter-output>
          </reporter-output>
        </test-method> <!-- test_addressLine1FieldBlank -->
        <test-method is-config="true" signature="afterMethod()[pri:0, instance:tests.Test_NewUserRegistrationSignUp@6b81ce95]" started-at="2022-05-09T23:54:49 IST" name="afterMethod" finished-at="2022-05-09T23:54:49 IST" duration-ms="702" status="PASS">
          <reporter-output>
          </reporter-output>
        </test-method> <!-- afterMethod -->
        <test-method is-config="true" signature="beforeMethod(java.lang.String)[pri:0, instance:tests.Test_NewUserRegistrationSignUp@6b81ce95]" started-at="2022-05-09T23:54:49 IST" name="beforeMethod" finished-at="2022-05-09T23:54:51 IST" duration-ms="1650" status="PASS">
          <params>
            <param index="0">
              <value>
                <![CDATA[chrome]]>
              </value>
            </param>
          </params>
          <reporter-output>
          </reporter-output>
        </test-method> <!-- beforeMethod -->
        <test-method signature="test_CityBlank()[pri:3, instance:tests.Test_NewUserRegistrationSignUp@6b81ce95]" started-at="2022-05-09T23:54:51 IST" name="test_CityBlank" finished-at="2022-05-09T23:54:55 IST" duration-ms="4477" status="PASS">
          <reporter-output>
          </reporter-output>
        </test-method> <!-- test_CityBlank -->
        <test-method is-config="true" signature="afterMethod()[pri:0, instance:tests.Test_NewUserRegistrationSignUp@6b81ce95]" started-at="2022-05-09T23:54:55 IST" name="afterMethod" finished-at="2022-05-09T23:54:56 IST" duration-ms="670" status="PASS">
          <reporter-output>
          </reporter-output>
        </test-method> <!-- afterMethod -->
      </class> <!-- tests.Test_NewUserRegistrationSignUp -->
    </test> <!-- NewUserRegistrationSignUp-Chrome -->
    <test started-at="2022-05-09T23:54:56 IST" name="NewUserRegistrationSignUp-Firefox" finished-at="2022-05-09T23:55:23 IST" duration-ms="26261">
      <class name="tests.Test_NewUserRegistrationSignUp">
        <test-method is-config="true" signature="beforeMethod(java.lang.String)[pri:0, instance:tests.Test_NewUserRegistrationSignUp@14cd1699]" started-at="2022-05-09T23:54:56 IST" name="beforeMethod" finished-at="2022-05-09T23:55:00 IST" duration-ms="3947" status="PASS">
          <params>
            <param index="0">
              <value>
                <![CDATA[firefox]]>
              </value>
            </param>
          </params>
          <reporter-output>
          </reporter-output>
        </test-method> <!-- beforeMethod -->
        <test-method signature="test_NameFieldBlank()[pri:1, instance:tests.Test_NewUserRegistrationSignUp@14cd1699]" started-at="2022-05-09T23:55:00 IST" name="test_NameFieldBlank" finished-at="2022-05-09T23:55:05 IST" duration-ms="4519" status="PASS">
          <reporter-output>
          </reporter-output>
        </test-method> <!-- test_NameFieldBlank -->
        <test-method is-config="true" signature="afterMethod()[pri:0, instance:tests.Test_NewUserRegistrationSignUp@14cd1699]" started-at="2022-05-09T23:55:05 IST" name="afterMethod" finished-at="2022-05-09T23:55:06 IST" duration-ms="854" status="PASS">
          <reporter-output>
          </reporter-output>
        </test-method> <!-- afterMethod -->
        <test-method is-config="true" signature="beforeMethod(java.lang.String)[pri:0, instance:tests.Test_NewUserRegistrationSignUp@14cd1699]" started-at="2022-05-09T23:55:06 IST" name="beforeMethod" finished-at="2022-05-09T23:55:10 IST" duration-ms="3838" status="PASS">
          <params>
            <param index="0">
              <value>
                <![CDATA[firefox]]>
              </value>
            </param>
          </params>
          <reporter-output>
          </reporter-output>
        </test-method> <!-- beforeMethod -->
        <test-method signature="test_addressLine1FieldBlank()[pri:2, instance:tests.Test_NewUserRegistrationSignUp@14cd1699]" started-at="2022-05-09T23:55:10 IST" name="test_addressLine1FieldBlank" finished-at="2022-05-09T23:55:13 IST" duration-ms="3799" status="PASS">
          <reporter-output>
          </reporter-output>
        </test-method> <!-- test_addressLine1FieldBlank -->
        <test-method is-config="true" signature="afterMethod()[pri:0, instance:tests.Test_NewUserRegistrationSignUp@14cd1699]" started-at="2022-05-09T23:55:13 IST" name="afterMethod" finished-at="2022-05-09T23:55:14 IST" duration-ms="705" status="PASS">
          <reporter-output>
          </reporter-output>
        </test-method> <!-- afterMethod -->
        <test-method is-config="true" signature="beforeMethod(java.lang.String)[pri:0, instance:tests.Test_NewUserRegistrationSignUp@14cd1699]" started-at="2022-05-09T23:55:14 IST" name="beforeMethod" finished-at="2022-05-09T23:55:18 IST" duration-ms="3809" status="PASS">
          <params>
            <param index="0">
              <value>
                <![CDATA[firefox]]>
              </value>
            </param>
          </params>
          <reporter-output>
          </reporter-output>
        </test-method> <!-- beforeMethod -->
        <test-method signature="test_CityBlank()[pri:3, instance:tests.Test_NewUserRegistrationSignUp@14cd1699]" started-at="2022-05-09T23:55:18 IST" name="test_CityBlank" finished-at="2022-05-09T23:55:22 IST" duration-ms="4072" status="PASS">
          <reporter-output>
          </reporter-output>
        </test-method> <!-- test_CityBlank -->
        <test-method is-config="true" signature="afterMethod()[pri:0, instance:tests.Test_NewUserRegistrationSignUp@14cd1699]" started-at="2022-05-09T23:55:22 IST" name="afterMethod" finished-at="2022-05-09T23:55:23 IST" duration-ms="706" status="PASS">
          <reporter-output>
          </reporter-output>
        </test-method> <!-- afterMethod -->
      </class> <!-- tests.Test_NewUserRegistrationSignUp -->
    </test> <!-- NewUserRegistrationSignUp-Firefox -->
  </suite> <!-- Suite -->
</testng-results>
